<?xml version="1.0" encoding="UTF-8"?>
<!-- Generated by org.testng.reporters.JUnitReportReporter -->
<testsuite hostname="Sasi" failures="0" tests="1" name="Scripts.TestCase1_1" time="95.331" errors="0" timestamp="2023-08-17T17:05:16 IST" skipped="0">
  <testcase classname="Scripts.TestCase1_1" name="tc1" time="95.331"/>
</testsuite> <!-- Scripts.TestCase1_1 -->
